2020-08-17 11:52:07,786 INFO o.a.j.u.JMeterUtils: Setting Locale to zh_CN
2020-08-17 11:52:07,885 INFO o.a.j.JMeter: Loading user properties from: /Users/shichenhui/Downloads/apache-jmeter-5.2.1/bin/user.properties
2020-08-17 11:52:07,887 INFO o.a.j.JMeter: Loading system properties from: /Users/shichenhui/Downloads/apache-jmeter-5.2.1/bin/system.properties
2020-08-17 11:52:07,891 INFO o.a.j.JMeter: Copyright (c) 1998-2019 The Apache Software Foundation
2020-08-17 11:52:07,892 INFO o.a.j.JMeter: Version 5.2.1
2020-08-17 11:52:07,892 INFO o.a.j.JMeter: java.version=13.0.2
2020-08-17 11:52:07,892 INFO o.a.j.JMeter: java.vm.name=Java HotSpot(TM) 64-Bit Server VM
2020-08-17 11:52:07,892 INFO o.a.j.JMeter: os.name=Mac OS X
2020-08-17 11:52:07,892 INFO o.a.j.JMeter: os.arch=x86_64
2020-08-17 11:52:07,892 INFO o.a.j.JMeter: os.version=10.12.6
2020-08-17 11:52:07,892 INFO o.a.j.JMeter: file.encoding=UTF-8
2020-08-17 11:52:07,893 INFO o.a.j.JMeter: java.awt.headless=null
2020-08-17 11:52:07,893 INFO o.a.j.JMeter: Max memory     =1073741824
2020-08-17 11:52:07,893 INFO o.a.j.JMeter: Available Processors =4
2020-08-17 11:52:07,914 INFO o.a.j.JMeter: Default Locale=English (EN)
2020-08-17 11:52:07,915 INFO o.a.j.JMeter: JMeter  Locale=Chinese (China)
2020-08-17 11:52:07,915 INFO o.a.j.JMeter: JMeterHome=/Users/shichenhui/Downloads/apache-jmeter-5.2.1
2020-08-17 11:52:07,916 INFO o.a.j.JMeter: user.dir  =/Users/shichenhui/eclipse-workspace/basic-code-learn
2020-08-17 11:52:07,916 INFO o.a.j.JMeter: PWD       =/Users/shichenhui/eclipse-workspace/basic-code-learn
2020-08-17 11:52:07,922 INFO o.a.j.JMeter: IP: 192.168.0.206 Name: shichenhuideMacBook-Air.local FullName: 192.168.0.206
2020-08-17 11:52:12,212 INFO o.a.j.g.a.LookAndFeelCommand: Installing Darcula LAF
2020-08-17 11:52:12,236 INFO o.a.j.g.a.LookAndFeelCommand: Using look and feel: com.bulenkov.darcula.DarculaLaf [Darcula]
2020-08-17 11:52:12,237 INFO o.a.j.JMeter: Setting LAF to: com.bulenkov.darcula.DarculaLaf
2020-08-17 11:52:12,474 INFO o.a.j.JMeter: Loaded icon properties from org/apache/jmeter/images/icon.properties
2020-08-17 11:52:17,681 INFO o.a.j.p.h.s.HTTPSamplerBase: Parser for text/html is org.apache.jmeter.protocol.http.parser.LagartoBasedHtmlParser
2020-08-17 11:52:17,682 INFO o.a.j.p.h.s.HTTPSamplerBase: Parser for application/xhtml+xml is org.apache.jmeter.protocol.http.parser.LagartoBasedHtmlParser
2020-08-17 11:52:17,682 INFO o.a.j.p.h.s.HTTPSamplerBase: Parser for application/xml is org.apache.jmeter.protocol.http.parser.LagartoBasedHtmlParser
2020-08-17 11:52:17,682 INFO o.a.j.p.h.s.HTTPSamplerBase: Parser for text/xml is org.apache.jmeter.protocol.http.parser.LagartoBasedHtmlParser
2020-08-17 11:52:17,683 INFO o.a.j.p.h.s.HTTPSamplerBase: Parser for text/vnd.wap.wml is org.apache.jmeter.protocol.http.parser.RegexpHTMLParser
2020-08-17 11:52:17,683 INFO o.a.j.p.h.s.HTTPSamplerBase: Parser for text/css is org.apache.jmeter.protocol.http.parser.CssParser
2020-08-17 11:52:18,577 INFO o.a.j.e.KeyToolUtils: keytool found at 'keytool'
2020-08-17 11:52:18,578 INFO o.a.j.p.h.p.ProxyControl: HTTP(S) Test Script Recorder SSL Proxy will use keys that support embedded 3rd party resources in file /Users/shichenhui/Downloads/apache-jmeter-5.2.1/bin/proxyserver.jks
2020-08-17 11:52:18,880 INFO o.a.j.s.FileServer: Default base='/Users/shichenhui/eclipse-workspace/basic-code-learn'
2020-08-17 11:52:19,648 INFO o.a.j.s.SampleResult: Note: Sample TimeStamps are START times
2020-08-17 11:52:19,648 INFO o.a.j.s.SampleResult: sampleresult.default.encoding is set to ISO-8859-1
2020-08-17 11:52:19,648 INFO o.a.j.s.SampleResult: sampleresult.useNanoTime=true
2020-08-17 11:52:19,649 INFO o.a.j.s.SampleResult: sampleresult.nanoThreadSleep=5000
2020-08-17 11:52:19,693 INFO o.a.j.v.ViewResultsFullVisualizer: Add JavaFX to your Java installation if you want to use renderer: org.apache.jmeter.visualizers.RenderInBrowser
